1217 84
1301 84
1385 84
1469 84
1553 84
1637 84
1721 84
6625 84
42841 84
42925 84
43009 84
43093 84
43177 84
43261 84
43345 84
54709 84
54793 84
54877 84
54961 84
881 168
2434 168
2602 168
2770 168
2938 168
3106 168
3274 168
3442 168
7825 168
7993 168
8161 168
13250 168
2713 252
1 336
337 336
1762 336
4868 336
5204 336
5365 336
5540 336
5701 336
5876 336
6212 336
6548 336
6884 336
15650 336
15986 336
16322 336
20369 336
20705 336
26500 336
30641 336
52757 336
53093 336
53429 336
6085 420
6505 420
6925 420
7345 420
7765 420
8185 420
8605 420
33125 420
5426 504
15973 504
16477 504
16981 504
23153 504
23657 504
28577 504
29081 504
361 588
949 588
1537 588
2125 588
38873 588
39461 588
40049 588
40637 588
41225 588
41813 588
58337 588
58925 588
59513 588
2 672
674 672
3524 672
9736 672
10408 672
10730 672
11080 672
11402 672
11752 672
12424 672
13096 672
13768 672
15665 672
25049 672
25721 672
26393 672
27065 672
31300 672
31972 672
32644 672
40321 672
40738 672
40993 672
41410 672
53000 672
425 756
1181 756
10953 756
11709 756
12465 756
13221 756
13977 756
14733 756
15489 756
17153 756
17909 756
4405 840
12170 840
13010 840
13850 840
14690 840
15530 840
16370 840
17210 840
39125 840
39965 840
40805 840
66250 840
169 924
361 924
373 924
1093 924
1285 924
2209 924
2741 924
3133 924
3413 924
3665 924
3869 924
4057 924
4589 924
4793 924
5041 924
5693 924
5965 924
6073 924
6617 924
6889 924
7541 924
7813 924
8465 924
8737 924
12953 924
13877 924
14801 924
15725 924
16649 924
17561 924
17573 924
18485 924
18497 924
18917 924
19409 924
19841 924
21881 924
28417 924
33661 924
34585 924
35509 924
35789 924
36433 924
41869 924
44845 924
49937 924
50305 924
51229 924
2341 1008
10852 1008
13957 1008
14965 1008
31946 1008
32954 1008
33962 1008
46306 1008
47314 1008
3001 1092
4093 1092
12073 1092
13165 1092
15821 1092
16913 1092
18005 1092
19097 1092
20189 1092
21281 1092
22373 1092
722 1176
1898 1176
3074 1176
4250 1176
113 1260
1373 1260
13565 1260
4 1344
17 1344
1348 1344
1361 1344
2705 1344
4049 1344
7048 1344
11257 1344
12601 1344
13945 1344
19472 1344
20816 1344
21460 1344
22160 1344
22804 1344
23504 1344
24848 1344
26192 1344
27536 1344
31330 1344
50098 1344
361 1428
6605 1428
20689 1428
22117 1428
23545 1428
24973 1428
26401 1428
27829 1428
29257 1428
850 1512
2362 1512
7929 1512
21906 1512
23418 1512
24930 1512
26442 1512
27954 1512
29466 1512
30978 1512
34306 1512
35818 1512
8845 1596
15137 1596
22397 1596
23993 1596
25589 1596
27185 1596
28781 1596
30377 1596
31973 1596
5 1680
1685 1680
8810 1680
24340 1680
26020 1680
26825 1680
27700 1680
28505 1680
29380 1680
31060 1680
32740 1680
34420 1680
26977 1764
28741 1764
30505 1764
32269 1764
338 1848
409 1848
722 1848
746 1848
1289 1848
2186 1848
2570 1848
3137 1848
4418 1848
4793 1848
5482 1848
6266 1848
6641 1848
6826 1848
7330 1848
7738 1848
8114 1848
8489 1848
9178 1848
9586 1848
10082 1848
10337 1848
11386 1848
11930 1848
12146 1848
12721 1848
13225 1848
13234 1848
13778 1848
14569 1848
15082 1848
15581 1848
15626 1848
16417 1848
16930 1848
17405 1848
17474 1848
19253 1848
19865 1848
25906 1848
27754 1848
29602 1848
31450 1848
33298 1848
35122 1848
35146 1848
36970 1848
36994 1848
37834 1848
38818 1848
39682 1848
41425 1848
43273 1848
43762 1848
46261 1848
289 2016
2305 2016
4682 2016
16741 2016
21704 2016
27914 2016
29930 2016
97 2100
2689 2100
30425 2100
32525 2100
34625 2100
34781 2100
36725 2100
38825 2100
40925 2100
43025 2100
569 2184
2753 2184
4937 2184
6002 2184
8186 2184
11453 2184
24146 2184
26330 2184
31642 2184
33826 2184
36010 2184
38194 2184
24417 2268
1444 2352
3796 2352
6148 2352
8500 2352
24865 2352
9721 2436
12157 2436
35293 2436
37729 2436
40165 2436
42601 2436
45037 2436
226 2520
2746 2520
16661 2520
27130 2520
953 2604
1369 2604
3557 2604
3973 2604
8 2688
34 2688
2696 2688
2722 2688
5410 2688
8098 2688
14096 2688
22514 2688
25202 2688
27890 2688
509 2772
773 2772
1117 2772
2749 2772
3281 2772
3361 2772
3545 2772
3889 2772
5521 2772
6053 2772
6133 2772
6317 2772
6661 2772
8905 2772
13421 2772
16193 2772
18965 2772
21737 2772
24509 2772
27281 2772
30053 2772
30073 2772
32825 2772
42461 2772
722 2856
6605 2856
13210 2856
14977 2856
1805 2940
4745 2940
7685 2940
10625 2940
9 3024
1700 3024
3033 3024
4724 3024
15858 3024
4373 3108
7481 3108
10589 3108
13213 3192
17690 3192
10 3360
3370 3360
17620 3360
676 3696
818 3696
1237 3696
1444 3696
1492 3696
1805 3696
2578 3696
4372 3696
4685 3696
4933 3696
5140 3696
5329 3696
5501 3696
6274 3696
8381 3696
8629 3696
8836 3696
9197 3696
9586 3696
10964 3696
12532 3696
12569 3696
12893 3696
13282 3696
13652 3696
14660 3696
15476 3696
16228 3696
16978 3696
18356 3696
19865 3696
22772 3696
23561 3696
34810 3696
38506 3696
2125 3780
5905 3780
3557 3864
15689 3864
578 4032
4610 4032
194 4200
22025 4200
841 4284
5125 4284
9409 4284
13 4368
1138 4368
4381 4368
5506 4368
9874 4368
661 4620
845 4620
1805 4620
1865 4620
5465 4620
6425 4620
11045 4620
13705 4620
15665 4620
17065 4620
18325 4620
19345 4620
22945 4620
23965 4620
2888 4704
7592 4704
5965 4788
25549 4872
11705 5040
2738 5208
7946 5208
1313 5292
1018 5544
6562 5544
6722 5544
12266 5544
17 5712
3610 5880
9490 5880
15370 5880
21250 5880
25 8400
